2013/08/09 18:02:26 [error] [php] include(User.php): failed to open stream: No such file or directory (C:\wamp\www\yii\framework\YiiBase.php:421)
Stack trace:
#0 C:\wamp\www\EdHat\protected\components\UserIdentity.php(14): spl_autoload_call()
#1 C:\wamp\www\EdHat\protected\models\LoginForm.php(52): UserIdentity->authenticate()
#2 C:\wamp\www\yii\framework\validators\CInlineValidator.php(42): LoginForm->authenticate()
#3 C:\wamp\www\yii\framework\validators\CValidator.php(213): CInlineValidator->validateAttribute()
#4 C:\wamp\www\yii\framework\base\CModel.php(159): CInlineValidator->validate()
#5 C:\wamp\www\EdHat\protected\controllers\SiteController.php(94): LoginForm->validate()
#6 C:\wamp\www\yii\framework\web\actions\CInlineAction.php(49): SiteController->actionLogin()
#7 C:\wamp\www\yii\framework\web\CController.php(308): CInlineAction->runWithParams()
#8 C:\wamp\www\yii\framework\web\CController.php(286): SiteController->runAction()
#9 C:\wamp\www\yii\framework\web\CController.php(265): SiteController->runActionWithFilters()
#10 C:\wamp\www\yii\framework\web\CWebApplication.php(282): SiteController->run()
#11 C:\wamp\www\yii\framework\web\CWebApplication.php(141): CWebApplication->runController()
#12 C:\wamp\www\yii\framework\base\CApplication.php(169): CWebApplication->processRequest()
#13 C:\wamp\www\EdHat\index.php(13): CWebApplication->run()
REQUEST_URI=/edhat/index.php?r=site/login
in C:\wamp\www\EdHat\protected\components\UserIdentity.php (14)
in C:\wamp\www\EdHat\protected\models\LoginForm.php (52)
in C:\wamp\www\EdHat\protected\controllers\SiteController.php (94)
2013/08/09 18:07:32 [error] [php] include(User.php): failed to open stream: No such file or directory (C:\wamp\www\yii\framework\YiiBase.php:421)
Stack trace:
#0 C:\wamp\www\EdHat\protected\components\UserIdentity.php(14): spl_autoload_call()
#1 C:\wamp\www\EdHat\protected\models\LoginForm.php(52): UserIdentity->authenticate()
#2 C:\wamp\www\yii\framework\validators\CInlineValidator.php(42): LoginForm->authenticate()
#3 C:\wamp\www\yii\framework\validators\CValidator.php(213): CInlineValidator->validateAttribute()
#4 C:\wamp\www\yii\framework\base\CModel.php(159): CInlineValidator->validate()
#5 C:\wamp\www\EdHat\protected\controllers\SiteController.php(94): LoginForm->validate()
#6 C:\wamp\www\yii\framework\web\actions\CInlineAction.php(49): SiteController->actionLogin()
#7 C:\wamp\www\yii\framework\web\CController.php(308): CInlineAction->runWithParams()
#8 C:\wamp\www\yii\framework\web\CController.php(286): SiteController->runAction()
#9 C:\wamp\www\yii\framework\web\CController.php(265): SiteController->runActionWithFilters()
#10 C:\wamp\www\yii\framework\web\CWebApplication.php(282): SiteController->run()
#11 C:\wamp\www\yii\framework\web\CWebApplication.php(141): CWebApplication->runController()
#12 C:\wamp\www\yii\framework\base\CApplication.php(169): CWebApplication->processRequest()
#13 C:\wamp\www\EdHat\index.php(13): CWebApplication->run()
REQUEST_URI=/edhat/index.php?r=site/login
in C:\wamp\www\EdHat\protected\components\UserIdentity.php (14)
in C:\wamp\www\EdHat\protected\models\LoginForm.php (52)
in C:\wamp\www\EdHat\protected\controllers\SiteController.php (94)
2013/08/09 18:07:38 [error] [php] include(User.php): failed to open stream: No such file or directory (C:\wamp\www\yii\framework\YiiBase.php:421)
Stack trace:
#0 C:\wamp\www\EdHat\protected\components\UserIdentity.php(14): spl_autoload_call()
#1 C:\wamp\www\EdHat\protected\models\LoginForm.php(52): UserIdentity->authenticate()
#2 C:\wamp\www\yii\framework\validators\CInlineValidator.php(42): LoginForm->authenticate()
#3 C:\wamp\www\yii\framework\validators\CValidator.php(213): CInlineValidator->validateAttribute()
#4 C:\wamp\www\yii\framework\base\CModel.php(159): CInlineValidator->validate()
#5 C:\wamp\www\EdHat\protected\controllers\SiteController.php(94): LoginForm->validate()
#6 C:\wamp\www\yii\framework\web\actions\CInlineAction.php(49): SiteController->actionLogin()
#7 C:\wamp\www\yii\framework\web\CController.php(308): CInlineAction->runWithParams()
#8 C:\wamp\www\yii\framework\web\CController.php(286): SiteController->runAction()
#9 C:\wamp\www\yii\framework\web\CController.php(265): SiteController->runActionWithFilters()
#10 C:\wamp\www\yii\framework\web\CWebApplication.php(282): SiteController->run()
#11 C:\wamp\www\yii\framework\web\CWebApplication.php(141): CWebApplication->runController()
#12 C:\wamp\www\yii\framework\base\CApplication.php(169): CWebApplication->processRequest()
#13 C:\wamp\www\EdHat\index.php(13): CWebApplication->run()
REQUEST_URI=/edhat/index.php?r=site/login
in C:\wamp\www\EdHat\protected\components\UserIdentity.php (14)
in C:\wamp\www\EdHat\protected\models\LoginForm.php (52)
in C:\wamp\www\EdHat\protected\controllers\SiteController.php (94)
2013/08/09 18:07:56 [error] [exception.CException] exception 'CException' with message 'Property "User.username" is not defined.' in C:\wamp\www\yii\framework\base\CComponent.php:130
Stack trace:
#0 C:\wamp\www\yii\framework\db\ar\CActiveRecord.php(143): CComponent->__get('username')
#1 C:\wamp\www\EdHat\protected\components\UserIdentity.php(19): CActiveRecord->__get('username')
#2 C:\wamp\www\EdHat\protected\models\LoginForm.php(52): UserIdentity->authenticate()
#3 C:\wamp\www\yii\framework\validators\CInlineValidator.php(42): LoginForm->authenticate('password', Array)
#4 C:\wamp\www\yii\framework\validators\CValidator.php(213): CInlineValidator->validateAttribute(Object(LoginForm), 'password')
#5 C:\wamp\www\yii\framework\base\CModel.php(159): CValidator->validate(Object(LoginForm), NULL)
#6 C:\wamp\www\EdHat\protected\controllers\SiteController.php(94): CModel->validate()
#7 C:\wamp\www\yii\framework\web\actions\CInlineAction.php(49): SiteController->actionLogin()
#8 C:\wamp\www\yii\framework\web\CController.php(308): CInlineAction->runWithParams(Array)
#9 C:\wamp\www\yii\framework\web\CController.php(286): CController->runAction(Object(CInlineAction))
#10 C:\wamp\www\yii\framework\web\CController.php(265): CController->runActionWithFilters(Object(CInlineAction), Array)
#11 C:\wamp\www\yii\framework\web\CWebApplication.php(282): CController->run('login')
#12 C:\wamp\www\yii\framework\web\CWebApplication.php(141): CWebApplication->runController('site/login')
#13 C:\wamp\www\yii\framework\base\CApplication.php(169): CWebApplication->processRequest()
#14 C:\wamp\www\EdHat\index.php(13): CApplication->run()
#15 {main}
REQUEST_URI=/edhat/index.php?r=site/login
HTTP_REFERER=http://localhost/edhat/index.php?r=site/login
---
2013/08/09 19:03:02 [error] [php] include(StudentLogin.php): failed to open stream: No such file or directory (C:\wamp\www\yii\framework\YiiBase.php:421)
Stack trace:
#0 C:\wamp\www\EdHat\protected\components\UserIdentity.php(15): spl_autoload_call()
#1 C:\wamp\www\EdHat\protected\models\LoginForm.php(52): UserIdentity->authenticate()
#2 C:\wamp\www\yii\framework\validators\CInlineValidator.php(42): LoginForm->authenticate()
#3 C:\wamp\www\yii\framework\validators\CValidator.php(213): CInlineValidator->validateAttribute()
#4 C:\wamp\www\yii\framework\base\CModel.php(159): CInlineValidator->validate()
#5 C:\wamp\www\EdHat\protected\controllers\SiteController.php(94): LoginForm->validate()
#6 C:\wamp\www\yii\framework\web\actions\CInlineAction.php(49): SiteController->actionLogin()
#7 C:\wamp\www\yii\framework\web\CController.php(308): CInlineAction->runWithParams()
#8 C:\wamp\www\yii\framework\web\CController.php(286): SiteController->runAction()
#9 C:\wamp\www\yii\framework\web\CController.php(265): SiteController->runActionWithFilters()
#10 C:\wamp\www\yii\framework\web\CWebApplication.php(282): SiteController->run()
#11 C:\wamp\www\yii\framework\web\CWebApplication.php(141): CWebApplication->runController()
#12 C:\wamp\www\yii\framework\base\CApplication.php(169): CWebApplication->processRequest()
#13 C:\wamp\www\EdHat\index.php(13): CWebApplication->run()
REQUEST_URI=/edhat/index.php?r=site/login
in C:\wamp\www\EdHat\protected\components\UserIdentity.php (15)
in C:\wamp\www\EdHat\protected\models\LoginForm.php (52)
in C:\wamp\www\EdHat\protected\controllers\SiteController.php (94)
2013/08/09 19:03:33 [error] [exception.CException] exception 'CException' with message 'Property "StudentLogin.userid" is not defined.' in C:\wamp\www\yii\framework\base\CComponent.php:130
Stack trace:
#0 C:\wamp\www\yii\framework\db\ar\CActiveRecord.php(143): CComponent->__get('userid')
#1 C:\wamp\www\EdHat\protected\components\UserIdentity.php(21): CActiveRecord->__get('userid')
#2 C:\wamp\www\EdHat\protected\models\LoginForm.php(52): UserIdentity->authenticate()
#3 C:\wamp\www\yii\framework\validators\CInlineValidator.php(42): LoginForm->authenticate('password', Array)
#4 C:\wamp\www\yii\framework\validators\CValidator.php(213): CInlineValidator->validateAttribute(Object(LoginForm), 'password')
#5 C:\wamp\www\yii\framework\base\CModel.php(159): CValidator->validate(Object(LoginForm), NULL)
#6 C:\wamp\www\EdHat\protected\controllers\SiteController.php(94): CModel->validate()
#7 C:\wamp\www\yii\framework\web\actions\CInlineAction.php(49): SiteController->actionLogin()
#8 C:\wamp\www\yii\framework\web\CController.php(308): CInlineAction->runWithParams(Array)
#9 C:\wamp\www\yii\framework\web\CController.php(286): CController->runAction(Object(CInlineAction))
#10 C:\wamp\www\yii\framework\web\CController.php(265): CController->runActionWithFilters(Object(CInlineAction), Array)
#11 C:\wamp\www\yii\framework\web\CWebApplication.php(282): CController->run('login')
#12 C:\wamp\www\yii\framework\web\CWebApplication.php(141): CWebApplication->runController('site/login')
#13 C:\wamp\www\yii\framework\base\CApplication.php(169): CWebApplication->processRequest()
#14 C:\wamp\www\EdHat\index.php(13): CApplication->run()
#15 {main}
REQUEST_URI=/edhat/index.php?r=site/login
HTTP_REFERER=http://localhost/edhat/index.php?r=site/login
---
2013/08/09 19:23:49 [error] [php] Trying to get property of non-object (C:\wamp\www\EdHat\protected\components\UserIdentity.php:19)
Stack trace:
#0 C:\wamp\www\yii\framework\validators\CValidator.php(213): CInlineValidator->validateAttribute()
#1 C:\wamp\www\yii\framework\base\CModel.php(159): CInlineValidator->validate()
#2 C:\wamp\www\EdHat\protected\controllers\SiteController.php(94): LoginForm->validate()
#3 C:\wamp\www\yii\framework\web\actions\CInlineAction.php(49): SiteController->actionLogin()
#4 C:\wamp\www\yii\framework\web\CController.php(308): CInlineAction->runWithParams()
#5 C:\wamp\www\yii\framework\web\CController.php(286): SiteController->runAction()
#6 C:\wamp\www\yii\framework\web\CController.php(265): SiteController->runActionWithFilters()
#7 C:\wamp\www\yii\framework\web\CWebApplication.php(282): SiteController->run()
#8 C:\wamp\www\yii\framework\web\CWebApplication.php(141): CWebApplication->runController()
#9 C:\wamp\www\yii\framework\base\CApplication.php(169): CWebApplication->processRequest()
#10 C:\wamp\www\EdHat\index.php(13): CWebApplication->run()
REQUEST_URI=/edhat/index.php?r=site/login
in C:\wamp\www\EdHat\protected\components\UserIdentity.php (19)
in C:\wamp\www\EdHat\protected\models\LoginForm.php (52)
in C:\wamp\www\EdHat\protected\controllers\SiteController.php (94)
2013/08/09 19:26:33 [error] [php] Trying to get property of non-object (C:\wamp\www\EdHat\protected\components\UserIdentity.php:19)
Stack trace:
#0 C:\wamp\www\yii\framework\validators\CValidator.php(213): CInlineValidator->validateAttribute()
#1 C:\wamp\www\yii\framework\base\CModel.php(159): CInlineValidator->validate()
#2 C:\wamp\www\EdHat\protected\controllers\SiteController.php(94): LoginForm->validate()
#3 C:\wamp\www\yii\framework\web\actions\CInlineAction.php(49): SiteController->actionLogin()
#4 C:\wamp\www\yii\framework\web\CController.php(308): CInlineAction->runWithParams()
#5 C:\wamp\www\yii\framework\web\CController.php(286): SiteController->runAction()
#6 C:\wamp\www\yii\framework\web\CController.php(265): SiteController->runActionWithFilters()
#7 C:\wamp\www\yii\framework\web\CWebApplication.php(282): SiteController->run()
#8 C:\wamp\www\yii\framework\web\CWebApplication.php(141): CWebApplication->runController()
#9 C:\wamp\www\yii\framework\base\CApplication.php(169): CWebApplication->processRequest()
#10 C:\wamp\www\EdHat\index.php(13): CWebApplication->run()
REQUEST_URI=/edhat/index.php?r=site/login
in C:\wamp\www\EdHat\protected\components\UserIdentity.php (19)
in C:\wamp\www\EdHat\protected\models\LoginForm.php (52)
in C:\wamp\www\EdHat\protected\controllers\SiteController.php (94)
2013/08/09 19:26:37 [error] [php] Trying to get property of non-object (C:\wamp\www\EdHat\protected\components\UserIdentity.php:19)
Stack trace:
#0 C:\wamp\www\yii\framework\validators\CValidator.php(213): CInlineValidator->validateAttribute()
#1 C:\wamp\www\yii\framework\base\CModel.php(159): CInlineValidator->validate()
#2 C:\wamp\www\EdHat\protected\controllers\SiteController.php(94): LoginForm->validate()
#3 C:\wamp\www\yii\framework\web\actions\CInlineAction.php(49): SiteController->actionLogin()
#4 C:\wamp\www\yii\framework\web\CController.php(308): CInlineAction->runWithParams()
#5 C:\wamp\www\yii\framework\web\CController.php(286): SiteController->runAction()
#6 C:\wamp\www\yii\framework\web\CController.php(265): SiteController->runActionWithFilters()
#7 C:\wamp\www\yii\framework\web\CWebApplication.php(282): SiteController->run()
#8 C:\wamp\www\yii\framework\web\CWebApplication.php(141): CWebApplication->runController()
#9 C:\wamp\www\yii\framework\base\CApplication.php(169): CWebApplication->processRequest()
#10 C:\wamp\www\EdHat\index.php(13): CWebApplication->run()
REQUEST_URI=/edhat/index.php?r=site/login
in C:\wamp\www\EdHat\protected\components\UserIdentity.php (19)
in C:\wamp\www\EdHat\protected\models\LoginForm.php (52)
in C:\wamp\www\EdHat\protected\controllers\SiteController.php (94)
2013/08/09 19:28:26 [error] [php] Trying to get property of non-object (C:\wamp\www\EdHat\protected\components\UserIdentity.php:24)
Stack trace:
#0 C:\wamp\www\yii\framework\validators\CValidator.php(213): CInlineValidator->validateAttribute()
#1 C:\wamp\www\yii\framework\base\CModel.php(159): CInlineValidator->validate()
#2 C:\wamp\www\EdHat\protected\controllers\SiteController.php(94): LoginForm->validate()
#3 C:\wamp\www\yii\framework\web\actions\CInlineAction.php(49): SiteController->actionLogin()
#4 C:\wamp\www\yii\framework\web\CController.php(308): CInlineAction->runWithParams()
#5 C:\wamp\www\yii\framework\web\CController.php(286): SiteController->runAction()
#6 C:\wamp\www\yii\framework\web\CController.php(265): SiteController->runActionWithFilters()
#7 C:\wamp\www\yii\framework\web\CWebApplication.php(282): SiteController->run()
#8 C:\wamp\www\yii\framework\web\CWebApplication.php(141): CWebApplication->runController()
#9 C:\wamp\www\yii\framework\base\CApplication.php(169): CWebApplication->processRequest()
#10 C:\wamp\www\EdHat\index.php(13): CWebApplication->run()
REQUEST_URI=/edhat/index.php?r=site/login
in C:\wamp\www\EdHat\protected\components\UserIdentity.php (24)
in C:\wamp\www\EdHat\protected\models\LoginForm.php (52)
in C:\wamp\www\EdHat\protected\controllers\SiteController.php (94)
2013/08/09 20:05:24 [error] [exception.CDbException] exception 'CDbException' with message 'The value for the column "extsupervisor" is not supplied when querying the table "ext_supervisor".' in C:\wamp\www\yii\framework\db\schema\CDbCommandBuilder.php:707
Stack trace:
#0 C:\wamp\www\yii\framework\db\schema\CDbCommandBuilder.php(519): CDbCommandBuilder->createInCondition(Object(CMysqlTableSchema), Array, Array, '`t`.')
#1 C:\wamp\www\yii\framework\db\ar\CActiveRecord.php(1431): CDbCommandBuilder->createPkCriteria(Object(CMysqlTableSchema), 'ssatthy', '', Array, '`t`.')
#2 C:\wamp\www\EdHat\protected\components\WebUser.php(7): CActiveRecord->findByPk('ssatthy')
#3 C:\wamp\www\yii\framework\base\CComponent.php(111): WebUser->getRole()
#4 C:\wamp\www\yii\framework\web\auth\CWebUser.php(140): CComponent->__get('role')
#5 C:\wamp\www\EdHat\protected\components\PhpAuthManager.php(13): CWebUser->__get('role')
#6 C:\wamp\www\yii\framework\base\CModule.php(387): PhpAuthManager->init()
#7 C:\wamp\www\yii\framework\web\CWebApplication.php(185): CModule->getComponent('authManager')
#8 C:\wamp\www\yii\framework\web\auth\CWebUser.php(806): CWebApplication->getAuthManager()
#9 C:\wamp\www\EdHat\protected\views\site\index.php(11): CWebUser->checkAccess('3')
#10 C:\wamp\www\yii\framework\web\CBaseController.php(126): require('C:\wamp\www\EdH...')
#11 C:\wamp\www\yii\framework\web\CBaseController.php(95): CBaseController->renderInternal('C:\wamp\www\EdH...', NULL, true)
#12 C:\wamp\www\yii\framework\web\CController.php(869): CBaseController->renderFile('C:\wamp\www\EdH...', NULL, true)
#13 C:\wamp\www\yii\framework\web\CController.php(782): CController->renderPartial('index', NULL, true)
#14 C:\wamp\www\EdHat\protected\controllers\SiteController.php(35): CController->render('index')
#15 C:\wamp\www\yii\framework\web\actions\CInlineAction.php(49): SiteController->actionIndex()
#16 C:\wamp\www\yii\framework\web\CController.php(308): CInlineAction->runWithParams(Array)
#17 C:\wamp\www\yii\framework\web\CController.php(286): CController->runAction(Object(CInlineAction))
#18 C:\wamp\www\yii\framework\web\CController.php(265): CController->runActionWithFilters(Object(CInlineAction), Array)
#19 C:\wamp\www\yii\framework\web\CWebApplication.php(282): CController->run('')
#20 C:\wamp\www\yii\framework\web\CWebApplication.php(141): CWebApplication->runController('')
#21 C:\wamp\www\yii\framework\base\CApplication.php(169): CWebApplication->processRequest()
#22 C:\wamp\www\EdHat\index.php(13): CApplication->run()
#23 {main}
REQUEST_URI=/edhat/index.php
HTTP_REFERER=http://localhost/edhat/index.php
---
2013/08/09 20:15:16 [error] [exception.CException] exception 'CException' with message 'Property "WebUser.username" is not defined.' in C:\wamp\www\yii\framework\base\CComponent.php:130
Stack trace:
#0 C:\wamp\www\yii\framework\web\auth\CWebUser.php(140): CComponent->__get('username')
#1 C:\wamp\www\EdHat\protected\components\WebUser.php(7): CWebUser->__get('username')
#2 C:\wamp\www\yii\framework\base\CComponent.php(111): WebUser->getRole()
#3 C:\wamp\www\yii\framework\web\auth\CWebUser.php(140): CComponent->__get('role')
#4 C:\wamp\www\EdHat\protected\components\PhpAuthManager.php(13): CWebUser->__get('role')
#5 C:\wamp\www\yii\framework\base\CModule.php(387): PhpAuthManager->init()
#6 C:\wamp\www\yii\framework\web\CWebApplication.php(185): CModule->getComponent('authManager')
#7 C:\wamp\www\yii\framework\web\auth\CWebUser.php(806): CWebApplication->getAuthManager()
#8 C:\wamp\www\EdHat\protected\views\site\index.php(11): CWebUser->checkAccess('3')
#9 C:\wamp\www\yii\framework\web\CBaseController.php(126): require('C:\wamp\www\EdH...')
#10 C:\wamp\www\yii\framework\web\CBaseController.php(95): CBaseController->renderInternal('C:\wamp\www\EdH...', NULL, true)
#11 C:\wamp\www\yii\framework\web\CController.php(869): CBaseController->renderFile('C:\wamp\www\EdH...', NULL, true)
#12 C:\wamp\www\yii\framework\web\CController.php(782): CController->renderPartial('index', NULL, true)
#13 C:\wamp\www\EdHat\protected\controllers\SiteController.php(35): CController->render('index')
#14 C:\wamp\www\yii\framework\web\actions\CInlineAction.php(49): SiteController->actionIndex()
#15 C:\wamp\www\yii\framework\web\CController.php(308): CInlineAction->runWithParams(Array)
#16 C:\wamp\www\yii\framework\web\CController.php(286): CController->runAction(Object(CInlineAction))
#17 C:\wamp\www\yii\framework\web\CController.php(265): CController->runActionWithFilters(Object(CInlineAction), Array)
#18 C:\wamp\www\yii\framework\web\CWebApplication.php(282): CController->run('')
#19 C:\wamp\www\yii\framework\web\CWebApplication.php(141): CWebApplication->runController('')
#20 C:\wamp\www\yii\framework\base\CApplication.php(169): CWebApplication->processRequest()
#21 C:\wamp\www\EdHat\index.php(13): CApplication->run()
#22 {main}
REQUEST_URI=/edhat/index.php
HTTP_REFERER=http://localhost/edhat/index.php?r=site/login
---
2013/08/09 20:15:44 [error] [exception.CException] exception 'CException' with message 'Property "CDbCriteria.0" is not defined.' in C:\wamp\www\yii\framework\base\CComponent.php:173
Stack trace:
#0 C:\wamp\www\yii\framework\db\schema\CDbCriteria.php(160): CComponent->__set('0', 'ssatthy')
#1 C:\wamp\www\yii\framework\db\schema\CDbCommandBuilder.php(483): CDbCriteria->__construct(Array)
#2 C:\wamp\www\yii\framework\db\schema\CDbCommandBuilder.php(512): CDbCommandBuilder->createCriteria(Array, Array)
#3 C:\wamp\www\yii\framework\db\ar\CActiveRecord.php(1431): CDbCommandBuilder->createPkCriteria(Object(CMysqlTableSchema), 'LOWER(extsuperv...', Array, Array, '`t`.')
#4 C:\wamp\www\EdHat\protected\components\WebUser.php(7): CActiveRecord->findByPk('LOWER(extsuperv...', Array)
#5 C:\wamp\www\yii\framework\base\CComponent.php(111): WebUser->getRole()
#6 C:\wamp\www\yii\framework\web\auth\CWebUser.php(140): CComponent->__get('role')
#7 C:\wamp\www\EdHat\protected\components\PhpAuthManager.php(13): CWebUser->__get('role')
#8 C:\wamp\www\yii\framework\base\CModule.php(387): PhpAuthManager->init()
#9 C:\wamp\www\yii\framework\web\CWebApplication.php(185): CModule->getComponent('authManager')
#10 C:\wamp\www\yii\framework\web\auth\CWebUser.php(806): CWebApplication->getAuthManager()
#11 C:\wamp\www\EdHat\protected\views\site\index.php(11): CWebUser->checkAccess('3')
#12 C:\wamp\www\yii\framework\web\CBaseController.php(126): require('C:\wamp\www\EdH...')
#13 C:\wamp\www\yii\framework\web\CBaseController.php(95): CBaseController->renderInternal('C:\wamp\www\EdH...', NULL, true)
#14 C:\wamp\www\yii\framework\web\CController.php(869): CBaseController->renderFile('C:\wamp\www\EdH...', NULL, true)
#15 C:\wamp\www\yii\framework\web\CController.php(782): CController->renderPartial('index', NULL, true)
#16 C:\wamp\www\EdHat\protected\controllers\SiteController.php(35): CController->render('index')
#17 C:\wamp\www\yii\framework\web\actions\CInlineAction.php(49): SiteController->actionIndex()
#18 C:\wamp\www\yii\framework\web\CController.php(308): CInlineAction->runWithParams(Array)
#19 C:\wamp\www\yii\framework\web\CController.php(286): CController->runAction(Object(CInlineAction))
#20 C:\wamp\www\yii\framework\web\CController.php(265): CController->runActionWithFilters(Object(CInlineAction), Array)
#21 C:\wamp\www\yii\framework\web\CWebApplication.php(282): CController->run('')
#22 C:\wamp\www\yii\framework\web\CWebApplication.php(141): CWebApplication->runController('')
#23 C:\wamp\www\yii\framework\base\CApplication.php(169): CWebApplication->processRequest()
#24 C:\wamp\www\EdHat\index.php(13): CApplication->run()
#25 {main}
REQUEST_URI=/edhat/index.php
HTTP_REFERER=http://localhost/edhat/index.php
---
2013/08/09 21:31:42 [error] [exception.CHttpException.403] exception 'CHttpException' with message 'You are not authorized to perform this action.' in C:\wamp\www\yii\framework\web\auth\CAccessControlFilter.php:179
Stack trace:
#0 C:\wamp\www\yii\framework\web\auth\CAccessControlFilter.php(142): CAccessControlFilter->accessDenied(Object(WebUser), 'You are not aut...')
#1 C:\wamp\www\yii\framework\web\filters\CFilter.php(38): CAccessControlFilter->preFilter(Object(CFilterChain))
#2 C:\wamp\www\yii\framework\web\CController.php(1145): CFilter->filter(Object(CFilterChain))
#3 C:\wamp\www\yii\framework\web\filters\CInlineFilter.php(58): CController->filterAccessControl(Object(CFilterChain))
#4 C:\wamp\www\yii\framework\web\filters\CFilterChain.php(130): CInlineFilter->filter(Object(CFilterChain))
#5 C:\wamp\www\yii\framework\web\CController.php(291): CFilterChain->run()
#6 C:\wamp\www\yii\framework\web\CController.php(265): CController->runActionWithFilters(Object(CInlineAction), Array)
#7 C:\wamp\www\yii\framework\web\CWebApplication.php(282): CController->run('delete')
#8 C:\wamp\www\yii\framework\web\CWebApplication.php(141): CWebApplication->runController('grading/country...')
#9 C:\wamp\www\yii\framework\base\CApplication.php(169): CWebApplication->processRequest()
#10 C:\wamp\www\EdHat\index.php(13): CApplication->run()
#11 {main}
REQUEST_URI=/edhat/index.php?r=grading/country/delete&id=1
HTTP_REFERER=http://localhost/edhat/index.php?r=grading/country/view&id=1
---
2013/08/09 21:31:58 [error] [exception.CHttpException.403] exception 'CHttpException' with message 'You are not authorized to perform this action.' in C:\wamp\www\yii\framework\web\auth\CAccessControlFilter.php:179
Stack trace:
#0 C:\wamp\www\yii\framework\web\auth\CAccessControlFilter.php(142): CAccessControlFilter->accessDenied(Object(WebUser), 'You are not aut...')
#1 C:\wamp\www\yii\framework\web\filters\CFilter.php(38): CAccessControlFilter->preFilter(Object(CFilterChain))
#2 C:\wamp\www\yii\framework\web\CController.php(1145): CFilter->filter(Object(CFilterChain))
#3 C:\wamp\www\yii\framework\web\filters\CInlineFilter.php(58): CController->filterAccessControl(Object(CFilterChain))
#4 C:\wamp\www\yii\framework\web\filters\CFilterChain.php(130): CInlineFilter->filter(Object(CFilterChain))
#5 C:\wamp\www\yii\framework\web\CController.php(291): CFilterChain->run()
#6 C:\wamp\www\yii\framework\web\CController.php(265): CController->runActionWithFilters(Object(CInlineAction), Array)
#7 C:\wamp\www\yii\framework\web\CWebApplication.php(282): CController->run('admin')
#8 C:\wamp\www\yii\framework\web\CWebApplication.php(141): CWebApplication->runController('grading/country...')
#9 C:\wamp\www\yii\framework\base\CApplication.php(169): CWebApplication->processRequest()
#10 C:\wamp\www\EdHat\index.php(13): CApplication->run()
#11 {main}
REQUEST_URI=/edhat/index.php?r=grading/country/admin
HTTP_REFERER=http://localhost/edhat/index.php?r=grading/country
---
2013/08/09 21:32:48 [error] [exception.CHttpException.403] exception 'CHttpException' with message 'You are not authorized to perform this action.' in C:\wamp\www\yii\framework\web\auth\CAccessControlFilter.php:179
Stack trace:
#0 C:\wamp\www\yii\framework\web\auth\CAccessControlFilter.php(142): CAccessControlFilter->accessDenied(Object(WebUser), 'You are not aut...')
#1 C:\wamp\www\yii\framework\web\filters\CFilter.php(38): CAccessControlFilter->preFilter(Object(CFilterChain))
#2 C:\wamp\www\yii\framework\web\CController.php(1145): CFilter->filter(Object(CFilterChain))
#3 C:\wamp\www\yii\framework\web\filters\CInlineFilter.php(58): CController->filterAccessControl(Object(CFilterChain))
#4 C:\wamp\www\yii\framework\web\filters\CFilterChain.php(130): CInlineFilter->filter(Object(CFilterChain))
#5 C:\wamp\www\yii\framework\web\CController.php(291): CFilterChain->run()
#6 C:\wamp\www\yii\framework\web\CController.php(265): CController->runActionWithFilters(Object(CInlineAction), Array)
#7 C:\wamp\www\yii\framework\web\CWebApplication.php(282): CController->run('delete')
#8 C:\wamp\www\yii\framework\web\CWebApplication.php(141): CWebApplication->runController('grading/country...')
#9 C:\wamp\www\yii\framework\base\CApplication.php(169): CWebApplication->processRequest()
#10 C:\wamp\www\EdHat\index.php(13): CApplication->run()
#11 {main}
REQUEST_URI=/edhat/index.php?r=grading%2Fcountry%2Fdelete&id=1&ajax=country-grid
HTTP_REFERER=http://localhost/edhat/index.php?r=grading/country/admin
---
2013/08/09 21:32:54 [error] [exception.CHttpException.403] exception 'CHttpException' with message 'You are not authorized to perform this action.' in C:\wamp\www\yii\framework\web\auth\CAccessControlFilter.php:179
Stack trace:
#0 C:\wamp\www\yii\framework\web\auth\CAccessControlFilter.php(142): CAccessControlFilter->accessDenied(Object(WebUser), 'You are not aut...')
#1 C:\wamp\www\yii\framework\web\filters\CFilter.php(38): CAccessControlFilter->preFilter(Object(CFilterChain))
#2 C:\wamp\www\yii\framework\web\CController.php(1145): CFilter->filter(Object(CFilterChain))
#3 C:\wamp\www\yii\framework\web\filters\CInlineFilter.php(58): CController->filterAccessControl(Object(CFilterChain))
#4 C:\wamp\www\yii\framework\web\filters\CFilterChain.php(130): CInlineFilter->filter(Object(CFilterChain))
#5 C:\wamp\www\yii\framework\web\CController.php(291): CFilterChain->run()
#6 C:\wamp\www\yii\framework\web\CController.php(265): CController->runActionWithFilters(Object(CInlineAction), Array)
#7 C:\wamp\www\yii\framework\web\CWebApplication.php(282): CController->run('update')
#8 C:\wamp\www\yii\framework\web\CWebApplication.php(141): CWebApplication->runController('grading/country...')
#9 C:\wamp\www\yii\framework\base\CApplication.php(169): CWebApplication->processRequest()
#10 C:\wamp\www\EdHat\index.php(13): CApplication->run()
#11 {main}
REQUEST_URI=/edhat/index.php?r=grading/country/update&id=1
HTTP_REFERER=http://localhost/edhat/index.php?r=grading/country/admin
---
2013/08/09 21:43:55 [error] [exception.CHttpException.403] exception 'CHttpException' with message 'You are not authorized to perform this action.' in C:\wamp\www\yii\framework\web\auth\CAccessControlFilter.php:179
Stack trace:
#0 C:\wamp\www\yii\framework\web\auth\CAccessControlFilter.php(142): CAccessControlFilter->accessDenied(Object(WebUser), 'You are not aut...')
#1 C:\wamp\www\yii\framework\web\filters\CFilter.php(38): CAccessControlFilter->preFilter(Object(CFilterChain))
#2 C:\wamp\www\yii\framework\web\CController.php(1145): CFilter->filter(Object(CFilterChain))
#3 C:\wamp\www\yii\framework\web\filters\CInlineFilter.php(58): CController->filterAccessControl(Object(CFilterChain))
#4 C:\wamp\www\yii\framework\web\filters\CFilterChain.php(130): CInlineFilter->filter(Object(CFilterChain))
#5 C:\wamp\www\yii\framework\web\CController.php(291): CFilterChain->run()
#6 C:\wamp\www\yii\framework\web\CController.php(265): CController->runActionWithFilters(Object(CInlineAction), Array)
#7 C:\wamp\www\yii\framework\web\CWebApplication.php(282): CController->run('')
#8 C:\wamp\www\yii\framework\web\CWebApplication.php(141): CWebApplication->runController('grading/country')
#9 C:\wamp\www\yii\framework\base\CApplication.php(169): CWebApplication->processRequest()
#10 C:\wamp\www\EdHat\index.php(13): CApplication->run()
#11 {main}
REQUEST_URI=/edhat/index.php?r=grading/country
---
2013/08/09 21:57:13 [error] [exception.CHttpException.403] exception 'CHttpException' with message 'You are not authorized to perform this action.' in C:\wamp\www\yii\framework\web\auth\CAccessControlFilter.php:179
Stack trace:
#0 C:\wamp\www\yii\framework\web\auth\CAccessControlFilter.php(142): CAccessControlFilter->accessDenied(Object(WebUser), 'You are not aut...')
#1 C:\wamp\www\yii\framework\web\filters\CFilter.php(38): CAccessControlFilter->preFilter(Object(CFilterChain))
#2 C:\wamp\www\yii\framework\web\CController.php(1145): CFilter->filter(Object(CFilterChain))
#3 C:\wamp\www\yii\framework\web\filters\CInlineFilter.php(58): CController->filterAccessControl(Object(CFilterChain))
#4 C:\wamp\www\yii\framework\web\filters\CFilterChain.php(130): CInlineFilter->filter(Object(CFilterChain))
#5 C:\wamp\www\yii\framework\web\CController.php(291): CFilterChain->run()
#6 C:\wamp\www\yii\framework\web\CController.php(265): CController->runActionWithFilters(Object(CInlineAction), Array)
#7 C:\wamp\www\yii\framework\web\CWebApplication.php(282): CController->run('create')
#8 C:\wamp\www\yii\framework\web\CWebApplication.php(141): CWebApplication->runController('grading/country...')
#9 C:\wamp\www\yii\framework\base\CApplication.php(169): CWebApplication->processRequest()
#10 C:\wamp\www\EdHat\index.php(13): CApplication->run()
#11 {main}
REQUEST_URI=/edhat/index.php?r=grading/country/create
HTTP_REFERER=http://localhost/edhat/index.php?r=grading/country/view&id=1
---
2013/08/09 22:02:49 [error] [exception.CHttpException.403] exception 'CHttpException' with message 'You are not authorized to perform this action.' in C:\wamp\www\yii\framework\web\auth\CAccessControlFilter.php:179
Stack trace:
#0 C:\wamp\www\yii\framework\web\auth\CAccessControlFilter.php(142): CAccessControlFilter->accessDenied(Object(WebUser), 'You are not aut...')
#1 C:\wamp\www\yii\framework\web\filters\CFilter.php(38): CAccessControlFilter->preFilter(Object(CFilterChain))
#2 C:\wamp\www\yii\framework\web\CController.php(1145): CFilter->filter(Object(CFilterChain))
#3 C:\wamp\www\yii\framework\web\filters\CInlineFilter.php(58): CController->filterAccessControl(Object(CFilterChain))
#4 C:\wamp\www\yii\framework\web\filters\CFilterChain.php(130): CInlineFilter->filter(Object(CFilterChain))
#5 C:\wamp\www\yii\framework\web\CController.php(291): CFilterChain->run()
#6 C:\wamp\www\yii\framework\web\CController.php(265): CController->runActionWithFilters(Object(CInlineAction), Array)
#7 C:\wamp\www\yii\framework\web\CWebApplication.php(282): CController->run('admin')
#8 C:\wamp\www\yii\framework\web\CWebApplication.php(141): CWebApplication->runController('grading/country...')
#9 C:\wamp\www\yii\framework\base\CApplication.php(169): CWebApplication->processRequest()
#10 C:\wamp\www\EdHat\index.php(13): CApplication->run()
#11 {main}
REQUEST_URI=/edhat/index.php?r=grading/country/admin
HTTP_REFERER=http://localhost/edhat/index.php
---
2013/08/09 22:03:05 [error] [exception.CHttpException.403] exception 'CHttpException' with message 'You are not authorized to perform this action.' in C:\wamp\www\yii\framework\web\auth\CAccessControlFilter.php:179
Stack trace:
#0 C:\wamp\www\yii\framework\web\auth\CAccessControlFilter.php(142): CAccessControlFilter->accessDenied(Object(WebUser), 'You are not aut...')
#1 C:\wamp\www\yii\framework\web\filters\CFilter.php(38): CAccessControlFilter->preFilter(Object(CFilterChain))
#2 C:\wamp\www\yii\framework\web\CController.php(1145): CFilter->filter(Object(CFilterChain))
#3 C:\wamp\www\yii\framework\web\filters\CInlineFilter.php(58): CController->filterAccessControl(Object(CFilterChain))
#4 C:\wamp\www\yii\framework\web\filters\CFilterChain.php(130): CInlineFilter->filter(Object(CFilterChain))
#5 C:\wamp\www\yii\framework\web\CController.php(291): CFilterChain->run()
#6 C:\wamp\www\yii\framework\web\CController.php(265): CController->runActionWithFilters(Object(CInlineAction), Array)
#7 C:\wamp\www\yii\framework\web\CWebApplication.php(282): CController->run('admin')
#8 C:\wamp\www\yii\framework\web\CWebApplication.php(141): CWebApplication->runController('grading/country...')
#9 C:\wamp\www\yii\framework\base\CApplication.php(169): CWebApplication->processRequest()
#10 C:\wamp\www\EdHat\index.php(13): CApplication->run()
#11 {main}
REQUEST_URI=/edhat/index.php?r=grading/country/admin
HTTP_REFERER=http://localhost/edhat/index.php?r=grading/country/admin
---
2013/08/09 22:08:22 [error] [exception.CException] exception 'CException' with message 'DefaultController cannot find the requested view "admin".' in C:\wamp\www\yii\framework\web\CController.php:878
Stack trace:
#0 C:\wamp\www\yii\framework\web\CController.php(782): CController->renderPartial('admin', NULL, true)
#1 C:\wamp\www\EdHat\protected\modules\grading\controllers\DefaultController.php(8): CController->render('admin')
#2 C:\wamp\www\yii\framework\web\actions\CInlineAction.php(49): DefaultController->actionIndex()
#3 C:\wamp\www\yii\framework\web\CController.php(308): CInlineAction->runWithParams(Array)
#4 C:\wamp\www\yii\framework\web\CController.php(286): CController->runAction(Object(CInlineAction))
#5 C:\wamp\www\yii\framework\web\CController.php(265): CController->runActionWithFilters(Object(CInlineAction), Array)
#6 C:\wamp\www\yii\framework\web\CWebApplication.php(282): CController->run('')
#7 C:\wamp\www\yii\framework\web\CWebApplication.php(141): CWebApplication->runController('grading')
#8 C:\wamp\www\yii\framework\base\CApplication.php(169): CWebApplication->processRequest()
#9 C:\wamp\www\EdHat\index.php(13): CApplication->run()
#10 {main}
REQUEST_URI=/edhat/index.php?r=grading
HTTP_REFERER=http://localhost/edhat/index.php
---
2013/08/09 22:09:37 [error] [php] Undefined variable: model (C:\wamp\www\EdHat\protected\modules\grading\views\country\admin.php:39)
Stack trace:
#0 C:\wamp\www\yii\framework\web\CController.php(869): DefaultController->renderFile()
#1 C:\wamp\www\yii\framework\web\CController.php(782): DefaultController->renderPartial()
#2 C:\wamp\www\EdHat\protected\modules\grading\controllers\DefaultController.php(8): DefaultController->render()
#3 C:\wamp\www\yii\framework\web\actions\CInlineAction.php(49): DefaultController->actionIndex()
#4 C:\wamp\www\yii\framework\web\CController.php(308): CInlineAction->runWithParams()
#5 C:\wamp\www\yii\framework\web\CController.php(286): DefaultController->runAction()
#6 C:\wamp\www\yii\framework\web\CController.php(265): DefaultController->runActionWithFilters()
#7 C:\wamp\www\yii\framework\web\CWebApplication.php(282): DefaultController->run()
#8 C:\wamp\www\yii\framework\web\CWebApplication.php(141): CWebApplication->runController()
#9 C:\wamp\www\yii\framework\base\CApplication.php(169): CWebApplication->processRequest()
#10 C:\wamp\www\EdHat\index.php(13): CWebApplication->run()
REQUEST_URI=/edhat/index.php?r=grading
in C:\wamp\www\EdHat\protected\modules\grading\views\country\admin.php (39)
in C:\wamp\www\EdHat\protected\modules\grading\controllers\DefaultController.php (8)
in C:\wamp\www\EdHat\index.php (13)
2013/08/09 22:09:39 [error] [php] Undefined variable: model (C:\wamp\www\EdHat\protected\modules\grading\views\country\admin.php:39)
Stack trace:
#0 C:\wamp\www\yii\framework\web\CController.php(869): DefaultController->renderFile()
#1 C:\wamp\www\yii\framework\web\CController.php(782): DefaultController->renderPartial()
#2 C:\wamp\www\EdHat\protected\modules\grading\controllers\DefaultController.php(8): DefaultController->render()
#3 C:\wamp\www\yii\framework\web\actions\CInlineAction.php(49): DefaultController->actionIndex()
#4 C:\wamp\www\yii\framework\web\CController.php(308): CInlineAction->runWithParams()
#5 C:\wamp\www\yii\framework\web\CController.php(286): DefaultController->runAction()
#6 C:\wamp\www\yii\framework\web\CController.php(265): DefaultController->runActionWithFilters()
#7 C:\wamp\www\yii\framework\web\CWebApplication.php(282): DefaultController->run()
#8 C:\wamp\www\yii\framework\web\CWebApplication.php(141): CWebApplication->runController()
#9 C:\wamp\www\yii\framework\base\CApplication.php(169): CWebApplication->processRequest()
#10 C:\wamp\www\EdHat\index.php(13): CWebApplication->run()
REQUEST_URI=/edhat/index.php?r=grading
in C:\wamp\www\EdHat\protected\modules\grading\views\country\admin.php (39)
in C:\wamp\www\EdHat\protected\modules\grading\controllers\DefaultController.php (8)
in C:\wamp\www\EdHat\index.php (13)
2013/08/09 22:10:49 [error] [exception.CException] exception 'CException' with message 'DefaultController cannot find the requested view "country/admin".' in C:\wamp\www\yii\framework\web\CController.php:878
Stack trace:
#0 C:\wamp\www\yii\framework\web\CController.php(782): CController->renderPartial('country/admin', NULL, true)
#1 C:\wamp\www\EdHat\protected\modules\grading\controllers\DefaultController.php(8): CController->render('country/admin')
#2 C:\wamp\www\yii\framework\web\actions\CInlineAction.php(49): DefaultController->actionIndex()
#3 C:\wamp\www\yii\framework\web\CController.php(308): CInlineAction->runWithParams(Array)
#4 C:\wamp\www\yii\framework\web\CController.php(286): CController->runAction(Object(CInlineAction))
#5 C:\wamp\www\yii\framework\web\CController.php(265): CController->runActionWithFilters(Object(CInlineAction), Array)
#6 C:\wamp\www\yii\framework\web\CWebApplication.php(282): CController->run('')
#7 C:\wamp\www\yii\framework\web\CWebApplication.php(141): CWebApplication->runController('grading')
#8 C:\wamp\www\yii\framework\base\CApplication.php(169): CWebApplication->processRequest()
#9 C:\wamp\www\EdHat\index.php(13): CApplication->run()
#10 {main}
REQUEST_URI=/edhat/index.php?r=grading
HTTP_REFERER=http://localhost/edhat/index.php
---
2013/08/09 22:11:34 [error] [exception.CException] exception 'CException' with message 'DefaultController cannot find the requested view "admin".' in C:\wamp\www\yii\framework\web\CController.php:878
Stack trace:
#0 C:\wamp\www\yii\framework\web\CController.php(782): CController->renderPartial('admin', NULL, true)
#1 C:\wamp\www\EdHat\protected\modules\grading\controllers\DefaultController.php(8): CController->render('admin')
#2 C:\wamp\www\yii\framework\web\actions\CInlineAction.php(49): DefaultController->actionIndex()
#3 C:\wamp\www\yii\framework\web\CController.php(308): CInlineAction->runWithParams(Array)
#4 C:\wamp\www\yii\framework\web\CController.php(286): CController->runAction(Object(CInlineAction))
#5 C:\wamp\www\yii\framework\web\CController.php(265): CController->runActionWithFilters(Object(CInlineAction), Array)
#6 C:\wamp\www\yii\framework\web\CWebApplication.php(282): CController->run('')
#7 C:\wamp\www\yii\framework\web\CWebApplication.php(141): CWebApplication->runController('grading')
#8 C:\wamp\www\yii\framework\base\CApplication.php(169): CWebApplication->processRequest()
#9 C:\wamp\www\EdHat\index.php(13): CApplication->run()
#10 {main}
REQUEST_URI=/edhat/index.php?r=grading
HTTP_REFERER=http://localhost/edhat/index.php
---
2013/08/09 22:12:38 [error] [php] Undefined variable: model (C:\wamp\www\EdHat\protected\modules\grading\views\country\admin.php:39)
Stack trace:
#0 C:\wamp\www\yii\framework\web\CController.php(869): DefaultController->renderFile()
#1 C:\wamp\www\yii\framework\web\CController.php(782): DefaultController->renderPartial()
#2 C:\wamp\www\EdHat\protected\modules\grading\controllers\DefaultController.php(8): DefaultController->render()
#3 C:\wamp\www\yii\framework\web\actions\CInlineAction.php(49): DefaultController->actionIndex()
#4 C:\wamp\www\yii\framework\web\CController.php(308): CInlineAction->runWithParams()
#5 C:\wamp\www\yii\framework\web\CController.php(286): DefaultController->runAction()
#6 C:\wamp\www\yii\framework\web\CController.php(265): DefaultController->runActionWithFilters()
#7 C:\wamp\www\yii\framework\web\CWebApplication.php(282): DefaultController->run()
#8 C:\wamp\www\yii\framework\web\CWebApplication.php(141): CWebApplication->runController()
#9 C:\wamp\www\yii\framework\base\CApplication.php(169): CWebApplication->processRequest()
#10 C:\wamp\www\EdHat\index.php(13): CWebApplication->run()
REQUEST_URI=/edhat/index.php?r=grading
in C:\wamp\www\EdHat\protected\modules\grading\views\country\admin.php (39)
in C:\wamp\www\EdHat\protected\modules\grading\controllers\DefaultController.php (8)
in C:\wamp\www\EdHat\index.php (13)
2013/08/09 22:14:55 [error] [exception.CException] exception 'CException' with message 'DefaultController cannot find the requested view "admin".' in C:\wamp\www\yii\framework\web\CController.php:878
Stack trace:
#0 C:\wamp\www\yii\framework\web\CController.php(782): CController->renderPartial('admin', NULL, true)
#1 C:\wamp\www\EdHat\protected\modules\grading\controllers\DefaultController.php(8): CController->render('admin')
#2 C:\wamp\www\yii\framework\web\actions\CInlineAction.php(49): DefaultController->actionIndex()
#3 C:\wamp\www\yii\framework\web\CController.php(308): CInlineAction->runWithParams(Array)
#4 C:\wamp\www\yii\framework\web\CController.php(286): CController->runAction(Object(CInlineAction))
#5 C:\wamp\www\yii\framework\web\CController.php(265): CController->runActionWithFilters(Object(CInlineAction), Array)
#6 C:\wamp\www\yii\framework\web\CWebApplication.php(282): CController->run('')
#7 C:\wamp\www\yii\framework\web\CWebApplication.php(141): CWebApplication->runController('grading')
#8 C:\wamp\www\yii\framework\base\CApplication.php(169): CWebApplication->processRequest()
#9 C:\wamp\www\EdHat\index.php(13): CApplication->run()
#10 {main}
REQUEST_URI=/edhat/index.php?r=grading
HTTP_REFERER=http://localhost/edhat/index.php
---
2013/08/09 22:15:20 [error] [exception.CException] exception 'CException' with message 'DefaultController cannot find the requested view "grading/country/admin".' in C:\wamp\www\yii\framework\web\CController.php:878
Stack trace:
#0 C:\wamp\www\yii\framework\web\CController.php(782): CController->renderPartial('grading/country...', NULL, true)
#1 C:\wamp\www\EdHat\protected\modules\grading\controllers\DefaultController.php(8): CController->render('grading/country...')
#2 C:\wamp\www\yii\framework\web\actions\CInlineAction.php(49): DefaultController->actionIndex()
#3 C:\wamp\www\yii\framework\web\CController.php(308): CInlineAction->runWithParams(Array)
#4 C:\wamp\www\yii\framework\web\CController.php(286): CController->runAction(Object(CInlineAction))
#5 C:\wamp\www\yii\framework\web\CController.php(265): CController->runActionWithFilters(Object(CInlineAction), Array)
#6 C:\wamp\www\yii\framework\web\CWebApplication.php(282): CController->run('')
#7 C:\wamp\www\yii\framework\web\CWebApplication.php(141): CWebApplication->runController('grading')
#8 C:\wamp\www\yii\framework\base\CApplication.php(169): CWebApplication->processRequest()
#9 C:\wamp\www\EdHat\index.php(13): CApplication->run()
#10 {main}
REQUEST_URI=/edhat/index.php?r=grading
HTTP_REFERER=http://localhost/edhat/index.php
---
2013/08/09 22:15:21 [error] [exception.CException] exception 'CException' with message 'DefaultController cannot find the requested view "grading/country/admin".' in C:\wamp\www\yii\framework\web\CController.php:878
Stack trace:
#0 C:\wamp\www\yii\framework\web\CController.php(782): CController->renderPartial('grading/country...', NULL, true)
#1 C:\wamp\www\EdHat\protected\modules\grading\controllers\DefaultController.php(8): CController->render('grading/country...')
#2 C:\wamp\www\yii\framework\web\actions\CInlineAction.php(49): DefaultController->actionIndex()
#3 C:\wamp\www\yii\framework\web\CController.php(308): CInlineAction->runWithParams(Array)
#4 C:\wamp\www\yii\framework\web\CController.php(286): CController->runAction(Object(CInlineAction))
#5 C:\wamp\www\yii\framework\web\CController.php(265): CController->runActionWithFilters(Object(CInlineAction), Array)
#6 C:\wamp\www\yii\framework\web\CWebApplication.php(282): CController->run('')
#7 C:\wamp\www\yii\framework\web\CWebApplication.php(141): CWebApplication->runController('grading')
#8 C:\wamp\www\yii\framework\base\CApplication.php(169): CWebApplication->processRequest()
#9 C:\wamp\www\EdHat\index.php(13): CApplication->run()
#10 {main}
REQUEST_URI=/edhat/index.php?r=grading
HTTP_REFERER=http://localhost/edhat/index.php
---
2013/08/09 22:15:32 [error] [exception.CException] exception 'CException' with message 'DefaultController cannot find the requested view "/grading/country/admin".' in C:\wamp\www\yii\framework\web\CController.php:878
Stack trace:
#0 C:\wamp\www\yii\framework\web\CController.php(782): CController->renderPartial('/grading/countr...', NULL, true)
#1 C:\wamp\www\EdHat\protected\modules\grading\controllers\DefaultController.php(8): CController->render('/grading/countr...')
#2 C:\wamp\www\yii\framework\web\actions\CInlineAction.php(49): DefaultController->actionIndex()
#3 C:\wamp\www\yii\framework\web\CController.php(308): CInlineAction->runWithParams(Array)
#4 C:\wamp\www\yii\framework\web\CController.php(286): CController->runAction(Object(CInlineAction))
#5 C:\wamp\www\yii\framework\web\CController.php(265): CController->runActionWithFilters(Object(CInlineAction), Array)
#6 C:\wamp\www\yii\framework\web\CWebApplication.php(282): CController->run('')
#7 C:\wamp\www\yii\framework\web\CWebApplication.php(141): CWebApplication->runController('grading')
#8 C:\wamp\www\yii\framework\base\CApplication.php(169): CWebApplication->processRequest()
#9 C:\wamp\www\EdHat\index.php(13): CApplication->run()
#10 {main}
REQUEST_URI=/edhat/index.php?r=grading
HTTP_REFERER=http://localhost/edhat/index.php
---
2013/08/09 22:15:33 [error] [exception.CException] exception 'CException' with message 'DefaultController cannot find the requested view "/grading/country/admin".' in C:\wamp\www\yii\framework\web\CController.php:878
Stack trace:
#0 C:\wamp\www\yii\framework\web\CController.php(782): CController->renderPartial('/grading/countr...', NULL, true)
#1 C:\wamp\www\EdHat\protected\modules\grading\controllers\DefaultController.php(8): CController->render('/grading/countr...')
#2 C:\wamp\www\yii\framework\web\actions\CInlineAction.php(49): DefaultController->actionIndex()
#3 C:\wamp\www\yii\framework\web\CController.php(308): CInlineAction->runWithParams(Array)
#4 C:\wamp\www\yii\framework\web\CController.php(286): CController->runAction(Object(CInlineAction))
#5 C:\wamp\www\yii\framework\web\CController.php(265): CController->runActionWithFilters(Object(CInlineAction), Array)
#6 C:\wamp\www\yii\framework\web\CWebApplication.php(282): CController->run('')
#7 C:\wamp\www\yii\framework\web\CWebApplication.php(141): CWebApplication->runController('grading')
#8 C:\wamp\www\yii\framework\base\CApplication.php(169): CWebApplication->processRequest()
#9 C:\wamp\www\EdHat\index.php(13): CApplication->run()
#10 {main}
REQUEST_URI=/edhat/index.php?r=grading
HTTP_REFERER=http://localhost/edhat/index.php
---
2013/08/09 22:15:57 [error] [exception.CException] exception 'CException' with message 'DefaultController cannot find the requested view "/grading/country/".' in C:\wamp\www\yii\framework\web\CController.php:878
Stack trace:
#0 C:\wamp\www\yii\framework\web\CController.php(782): CController->renderPartial('/grading/countr...', NULL, true)
#1 C:\wamp\www\EdHat\protected\modules\grading\controllers\DefaultController.php(8): CController->render('/grading/countr...')
#2 C:\wamp\www\yii\framework\web\actions\CInlineAction.php(49): DefaultController->actionIndex()
#3 C:\wamp\www\yii\framework\web\CController.php(308): CInlineAction->runWithParams(Array)
#4 C:\wamp\www\yii\framework\web\CController.php(286): CController->runAction(Object(CInlineAction))
#5 C:\wamp\www\yii\framework\web\CController.php(265): CController->runActionWithFilters(Object(CInlineAction), Array)
#6 C:\wamp\www\yii\framework\web\CWebApplication.php(282): CController->run('')
#7 C:\wamp\www\yii\framework\web\CWebApplication.php(141): CWebApplication->runController('grading')
#8 C:\wamp\www\yii\framework\base\CApplication.php(169): CWebApplication->processRequest()
#9 C:\wamp\www\EdHat\index.php(13): CApplication->run()
#10 {main}
REQUEST_URI=/edhat/index.php?r=grading
HTTP_REFERER=http://localhost/edhat/index.php
---
2013/08/09 22:15:57 [error] [exception.CException] exception 'CException' with message 'DefaultController cannot find the requested view "/grading/country/".' in C:\wamp\www\yii\framework\web\CController.php:878
Stack trace:
#0 C:\wamp\www\yii\framework\web\CController.php(782): CController->renderPartial('/grading/countr...', NULL, true)
#1 C:\wamp\www\EdHat\protected\modules\grading\controllers\DefaultController.php(8): CController->render('/grading/countr...')
#2 C:\wamp\www\yii\framework\web\actions\CInlineAction.php(49): DefaultController->actionIndex()
#3 C:\wamp\www\yii\framework\web\CController.php(308): CInlineAction->runWithParams(Array)
#4 C:\wamp\www\yii\framework\web\CController.php(286): CController->runAction(Object(CInlineAction))
#5 C:\wamp\www\yii\framework\web\CController.php(265): CController->runActionWithFilters(Object(CInlineAction), Array)
#6 C:\wamp\www\yii\framework\web\CWebApplication.php(282): CController->run('')
#7 C:\wamp\www\yii\framework\web\CWebApplication.php(141): CWebApplication->runController('grading')
#8 C:\wamp\www\yii\framework\base\CApplication.php(169): CWebApplication->processRequest()
#9 C:\wamp\www\EdHat\index.php(13): CApplication->run()
#10 {main}
REQUEST_URI=/edhat/index.php?r=grading
HTTP_REFERER=http://localhost/edhat/index.php
---
2013/08/09 22:15:58 [error] [exception.CException] exception 'CException' with message 'DefaultController cannot find the requested view "/grading/country/".' in C:\wamp\www\yii\framework\web\CController.php:878
Stack trace:
#0 C:\wamp\www\yii\framework\web\CController.php(782): CController->renderPartial('/grading/countr...', NULL, true)
#1 C:\wamp\www\EdHat\protected\modules\grading\controllers\DefaultController.php(8): CController->render('/grading/countr...')
#2 C:\wamp\www\yii\framework\web\actions\CInlineAction.php(49): DefaultController->actionIndex()
#3 C:\wamp\www\yii\framework\web\CController.php(308): CInlineAction->runWithParams(Array)
#4 C:\wamp\www\yii\framework\web\CController.php(286): CController->runAction(Object(CInlineAction))
#5 C:\wamp\www\yii\framework\web\CController.php(265): CController->runActionWithFilters(Object(CInlineAction), Array)
#6 C:\wamp\www\yii\framework\web\CWebApplication.php(282): CController->run('')
#7 C:\wamp\www\yii\framework\web\CWebApplication.php(141): CWebApplication->runController('grading')
#8 C:\wamp\www\yii\framework\base\CApplication.php(169): CWebApplication->processRequest()
#9 C:\wamp\www\EdHat\index.php(13): CApplication->run()
#10 {main}
REQUEST_URI=/edhat/index.php?r=grading
HTTP_REFERER=http://localhost/edhat/index.php
---
2013/08/09 22:15:58 [error] [exception.CException] exception 'CException' with message 'DefaultController cannot find the requested view "/grading/country/".' in C:\wamp\www\yii\framework\web\CController.php:878
Stack trace:
#0 C:\wamp\www\yii\framework\web\CController.php(782): CController->renderPartial('/grading/countr...', NULL, true)
#1 C:\wamp\www\EdHat\protected\modules\grading\controllers\DefaultController.php(8): CController->render('/grading/countr...')
#2 C:\wamp\www\yii\framework\web\actions\CInlineAction.php(49): DefaultController->actionIndex()
#3 C:\wamp\www\yii\framework\web\CController.php(308): CInlineAction->runWithParams(Array)
#4 C:\wamp\www\yii\framework\web\CController.php(286): CController->runAction(Object(CInlineAction))
#5 C:\wamp\www\yii\framework\web\CController.php(265): CController->runActionWithFilters(Object(CInlineAction), Array)
#6 C:\wamp\www\yii\framework\web\CWebApplication.php(282): CController->run('')
#7 C:\wamp\www\yii\framework\web\CWebApplication.php(141): CWebApplication->runController('grading')
#8 C:\wamp\www\yii\framework\base\CApplication.php(169): CWebApplication->processRequest()
#9 C:\wamp\www\EdHat\index.php(13): CApplication->run()
#10 {main}
REQUEST_URI=/edhat/index.php?r=grading
HTTP_REFERER=http://localhost/edhat/index.php
---
2013/08/09 22:17:34 [error] [exception.CException] exception 'CException' with message 'DefaultController cannot find the requested view "/grading/country/".' in C:\wamp\www\yii\framework\web\CController.php:878
Stack trace:
#0 C:\wamp\www\yii\framework\web\CController.php(782): CController->renderPartial('/grading/countr...', NULL, true)
#1 C:\wamp\www\EdHat\protected\modules\grading\controllers\DefaultController.php(8): CController->render('/grading/countr...')
#2 C:\wamp\www\yii\framework\web\actions\CInlineAction.php(49): DefaultController->actionIndex()
#3 C:\wamp\www\yii\framework\web\CController.php(308): CInlineAction->runWithParams(Array)
#4 C:\wamp\www\yii\framework\web\CController.php(286): CController->runAction(Object(CInlineAction))
#5 C:\wamp\www\yii\framework\web\CController.php(265): CController->runActionWithFilters(Object(CInlineAction), Array)
#6 C:\wamp\www\yii\framework\web\CWebApplication.php(282): CController->run('')
#7 C:\wamp\www\yii\framework\web\CWebApplication.php(141): CWebApplication->runController('grading')
#8 C:\wamp\www\yii\framework\base\CApplication.php(169): CWebApplication->processRequest()
#9 C:\wamp\www\EdHat\index.php(13): CApplication->run()
#10 {main}
REQUEST_URI=/edhat/index.php?r=grading
HTTP_REFERER=http://localhost/edhat/index.php?r=grading
---
2013/08/09 22:17:35 [error] [exception.CException] exception 'CException' with message 'DefaultController cannot find the requested view "/grading/country/".' in C:\wamp\www\yii\framework\web\CController.php:878
Stack trace:
#0 C:\wamp\www\yii\framework\web\CController.php(782): CController->renderPartial('/grading/countr...', NULL, true)
#1 C:\wamp\www\EdHat\protected\modules\grading\controllers\DefaultController.php(8): CController->render('/grading/countr...')
#2 C:\wamp\www\yii\framework\web\actions\CInlineAction.php(49): DefaultController->actionIndex()
#3 C:\wamp\www\yii\framework\web\CController.php(308): CInlineAction->runWithParams(Array)
#4 C:\wamp\www\yii\framework\web\CController.php(286): CController->runAction(Object(CInlineAction))
#5 C:\wamp\www\yii\framework\web\CController.php(265): CController->runActionWithFilters(Object(CInlineAction), Array)
#6 C:\wamp\www\yii\framework\web\CWebApplication.php(282): CController->run('')
#7 C:\wamp\www\yii\framework\web\CWebApplication.php(141): CWebApplication->runController('grading')
#8 C:\wamp\www\yii\framework\base\CApplication.php(169): CWebApplication->processRequest()
#9 C:\wamp\www\EdHat\index.php(13): CApplication->run()
#10 {main}
REQUEST_URI=/edhat/index.php?r=grading
HTTP_REFERER=http://localhost/edhat/index.php?r=grading
---
2013/08/09 22:17:36 [error] [exception.CException] exception 'CException' with message 'DefaultController cannot find the requested view "/grading/country/".' in C:\wamp\www\yii\framework\web\CController.php:878
Stack trace:
#0 C:\wamp\www\yii\framework\web\CController.php(782): CController->renderPartial('/grading/countr...', NULL, true)
#1 C:\wamp\www\EdHat\protected\modules\grading\controllers\DefaultController.php(8): CController->render('/grading/countr...')
#2 C:\wamp\www\yii\framework\web\actions\CInlineAction.php(49): DefaultController->actionIndex()
#3 C:\wamp\www\yii\framework\web\CController.php(308): CInlineAction->runWithParams(Array)
#4 C:\wamp\www\yii\framework\web\CController.php(286): CController->runAction(Object(CInlineAction))
#5 C:\wamp\www\yii\framework\web\CController.php(265): CController->runActionWithFilters(Object(CInlineAction), Array)
#6 C:\wamp\www\yii\framework\web\CWebApplication.php(282): CController->run('')
#7 C:\wamp\www\yii\framework\web\CWebApplication.php(141): CWebApplication->runController('grading')
#8 C:\wamp\www\yii\framework\base\CApplication.php(169): CWebApplication->processRequest()
#9 C:\wamp\www\EdHat\index.php(13): CApplication->run()
#10 {main}
REQUEST_URI=/edhat/index.php?r=grading
HTTP_REFERER=http://localhost/edhat/index.php?r=grading
---
2013/08/09 22:17:40 [error] [exception.CException] exception 'CException' with message 'DefaultController cannot find the requested view "/grading/country/".' in C:\wamp\www\yii\framework\web\CController.php:878
Stack trace:
#0 C:\wamp\www\yii\framework\web\CController.php(782): CController->renderPartial('/grading/countr...', NULL, true)
#1 C:\wamp\www\EdHat\protected\modules\grading\controllers\DefaultController.php(8): CController->render('/grading/countr...')
#2 C:\wamp\www\yii\framework\web\actions\CInlineAction.php(49): DefaultController->actionIndex()
#3 C:\wamp\www\yii\framework\web\CController.php(308): CInlineAction->runWithParams(Array)
#4 C:\wamp\www\yii\framework\web\CController.php(286): CController->runAction(Object(CInlineAction))
#5 C:\wamp\www\yii\framework\web\CController.php(265): CController->runActionWithFilters(Object(CInlineAction), Array)
#6 C:\wamp\www\yii\framework\web\CWebApplication.php(282): CController->run('')
#7 C:\wamp\www\yii\framework\web\CWebApplication.php(141): CWebApplication->runController('grading')
#8 C:\wamp\www\yii\framework\base\CApplication.php(169): CWebApplication->processRequest()
#9 C:\wamp\www\EdHat\index.php(13): CApplication->run()
#10 {main}
REQUEST_URI=/edhat/index.php?r=grading
---
2013/08/09 22:17:44 [error] [exception.CException] exception 'CException' with message 'DefaultController cannot find the requested view "/grading/country/".' in C:\wamp\www\yii\framework\web\CController.php:878
Stack trace:
#0 C:\wamp\www\yii\framework\web\CController.php(782): CController->renderPartial('/grading/countr...', NULL, true)
#1 C:\wamp\www\EdHat\protected\modules\grading\controllers\DefaultController.php(8): CController->render('/grading/countr...')
#2 C:\wamp\www\yii\framework\web\actions\CInlineAction.php(49): DefaultController->actionIndex()
#3 C:\wamp\www\yii\framework\web\CController.php(308): CInlineAction->runWithParams(Array)
#4 C:\wamp\www\yii\framework\web\CController.php(286): CController->runAction(Object(CInlineAction))
#5 C:\wamp\www\yii\framework\web\CController.php(265): CController->runActionWithFilters(Object(CInlineAction), Array)
#6 C:\wamp\www\yii\framework\web\CWebApplication.php(282): CController->run('')
#7 C:\wamp\www\yii\framework\web\CWebApplication.php(141): CWebApplication->runController('grading')
#8 C:\wamp\www\yii\framework\base\CApplication.php(169): CWebApplication->processRequest()
#9 C:\wamp\www\EdHat\index.php(13): CApplication->run()
#10 {main}
REQUEST_URI=/edhat/index.php?r=grading
---
2013/08/09 22:17:52 [error] [exception.CException] exception 'CException' with message 'DefaultController cannot find the requested view "/grading/country/".' in C:\wamp\www\yii\framework\web\CController.php:878
Stack trace:
#0 C:\wamp\www\yii\framework\web\CController.php(782): CController->renderPartial('/grading/countr...', NULL, true)
#1 C:\wamp\www\EdHat\protected\modules\grading\controllers\DefaultController.php(8): CController->render('/grading/countr...')
#2 C:\wamp\www\yii\framework\web\actions\CInlineAction.php(49): DefaultController->actionIndex()
#3 C:\wamp\www\yii\framework\web\CController.php(308): CInlineAction->runWithParams(Array)
#4 C:\wamp\www\yii\framework\web\CController.php(286): CController->runAction(Object(CInlineAction))
#5 C:\wamp\www\yii\framework\web\CController.php(265): CController->runActionWithFilters(Object(CInlineAction), Array)
#6 C:\wamp\www\yii\framework\web\CWebApplication.php(282): CController->run('')
#7 C:\wamp\www\yii\framework\web\CWebApplication.php(141): CWebApplication->runController('grading')
#8 C:\wamp\www\yii\framework\base\CApplication.php(169): CWebApplication->processRequest()
#9 C:\wamp\www\EdHat\index.php(13): CApplication->run()
#10 {main}
REQUEST_URI=/edhat/index.php?r=grading
---
2013/08/09 22:18:18 [error] [exception.CException] exception 'CException' with message 'DefaultController cannot find the requested view "/grading/country/".' in C:\wamp\www\yii\framework\web\CController.php:878
Stack trace:
#0 C:\wamp\www\yii\framework\web\CController.php(782): CController->renderPartial('/grading/countr...', NULL, true)
#1 C:\wamp\www\EdHat\protected\modules\grading\controllers\DefaultController.php(8): CController->render('/grading/countr...')
#2 C:\wamp\www\yii\framework\web\actions\CInlineAction.php(49): DefaultController->actionIndex()
#3 C:\wamp\www\yii\framework\web\CController.php(308): CInlineAction->runWithParams(Array)
#4 C:\wamp\www\yii\framework\web\CController.php(286): CController->runAction(Object(CInlineAction))
#5 C:\wamp\www\yii\framework\web\CController.php(265): CController->runActionWithFilters(Object(CInlineAction), Array)
#6 C:\wamp\www\yii\framework\web\CWebApplication.php(282): CController->run('')
#7 C:\wamp\www\yii\framework\web\CWebApplication.php(141): CWebApplication->runController('grading')
#8 C:\wamp\www\yii\framework\base\CApplication.php(169): CWebApplication->processRequest()
#9 C:\wamp\www\EdHat\index.php(13): CApplication->run()
#10 {main}
REQUEST_URI=/edhat/index.php?r=grading
---
2013/08/09 22:18:34 [error] [php] Undefined variable: model (C:\wamp\www\EdHat\protected\modules\grading\views\country\admin.php:39)
Stack trace:
#0 C:\wamp\www\yii\framework\web\CController.php(869): DefaultController->renderFile()
#1 C:\wamp\www\yii\framework\web\CController.php(782): DefaultController->renderPartial()
#2 C:\wamp\www\EdHat\protected\modules\grading\controllers\DefaultController.php(8): DefaultController->render()
#3 C:\wamp\www\yii\framework\web\actions\CInlineAction.php(49): DefaultController->actionIndex()
#4 C:\wamp\www\yii\framework\web\CController.php(308): CInlineAction->runWithParams()
#5 C:\wamp\www\yii\framework\web\CController.php(286): DefaultController->runAction()
#6 C:\wamp\www\yii\framework\web\CController.php(265): DefaultController->runActionWithFilters()
#7 C:\wamp\www\yii\framework\web\CWebApplication.php(282): DefaultController->run()
#8 C:\wamp\www\yii\framework\web\CWebApplication.php(141): CWebApplication->runController()
#9 C:\wamp\www\yii\framework\base\CApplication.php(169): CWebApplication->processRequest()
#10 C:\wamp\www\EdHat\index.php(13): CWebApplication->run()
REQUEST_URI=/edhat/index.php?r=grading
in C:\wamp\www\EdHat\protected\modules\grading\views\country\admin.php (39)
in C:\wamp\www\EdHat\protected\modules\grading\controllers\DefaultController.php (8)
in C:\wamp\www\EdHat\index.php (13)
2013/08/09 22:24:08 [error] [exception.CHttpException.403] exception 'CHttpException' with message 'You are not authorized to perform this action.' in C:\wamp\www\yii\framework\web\auth\CAccessControlFilter.php:179
Stack trace:
#0 C:\wamp\www\yii\framework\web\auth\CAccessControlFilter.php(142): CAccessControlFilter->accessDenied(Object(WebUser), 'You are not aut...')
#1 C:\wamp\www\yii\framework\web\filters\CFilter.php(38): CAccessControlFilter->preFilter(Object(CFilterChain))
#2 C:\wamp\www\yii\framework\web\CController.php(1145): CFilter->filter(Object(CFilterChain))
#3 C:\wamp\www\yii\framework\web\filters\CInlineFilter.php(58): CController->filterAccessControl(Object(CFilterChain))
#4 C:\wamp\www\yii\framework\web\filters\CFilterChain.php(130): CInlineFilter->filter(Object(CFilterChain))
#5 C:\wamp\www\yii\framework\web\CController.php(291): CFilterChain->run()
#6 C:\wamp\www\yii\framework\web\CController.php(265): CController->runActionWithFilters(Object(CInlineAction), Array)
#7 C:\wamp\www\yii\framework\web\CWebApplication.php(282): CController->run('admin')
#8 C:\wamp\www\yii\framework\web\CWebApplication.php(141): CWebApplication->runController('grading/center/...')
#9 C:\wamp\www\yii\framework\base\CApplication.php(169): CWebApplication->processRequest()
#10 C:\wamp\www\EdHat\index.php(13): CApplication->run()
#11 {main}
REQUEST_URI=/edhat/index.php?r=grading/center/admin
HTTP_REFERER=http://localhost/edhat/index.php?r=grading/center
---
2013/08/09 22:24:50 [error] [exception.CHttpException.403] exception 'CHttpException' with message 'You are not authorized to perform this action.' in C:\wamp\www\yii\framework\web\auth\CAccessControlFilter.php:179
Stack trace:
#0 C:\wamp\www\yii\framework\web\auth\CAccessControlFilter.php(142): CAccessControlFilter->accessDenied(Object(WebUser), 'You are not aut...')
#1 C:\wamp\www\yii\framework\web\filters\CFilter.php(38): CAccessControlFilter->preFilter(Object(CFilterChain))
#2 C:\wamp\www\yii\framework\web\CController.php(1145): CFilter->filter(Object(CFilterChain))
#3 C:\wamp\www\yii\framework\web\filters\CInlineFilter.php(58): CController->filterAccessControl(Object(CFilterChain))
#4 C:\wamp\www\yii\framework\web\filters\CFilterChain.php(130): CInlineFilter->filter(Object(CFilterChain))
#5 C:\wamp\www\yii\framework\web\CController.php(291): CFilterChain->run()
#6 C:\wamp\www\yii\framework\web\CController.php(265): CController->runActionWithFilters(Object(CInlineAction), Array)
#7 C:\wamp\www\yii\framework\web\CWebApplication.php(282): CController->run('admin')
#8 C:\wamp\www\yii\framework\web\CWebApplication.php(141): CWebApplication->runController('grading/center/...')
#9 C:\wamp\www\yii\framework\base\CApplication.php(169): CWebApplication->processRequest()
#10 C:\wamp\www\EdHat\index.php(13): CApplication->run()
#11 {main}
REQUEST_URI=/edhat/index.php?r=grading/center/admin
HTTP_REFERER=http://localhost/edhat/index.php?r=grading/center
---
2013/08/09 22:26:45 [error] [exception.CHttpException.403] exception 'CHttpException' with message 'You are not authorized to perform this action.' in C:\wamp\www\yii\framework\web\auth\CAccessControlFilter.php:179
Stack trace:
#0 C:\wamp\www\yii\framework\web\auth\CAccessControlFilter.php(142): CAccessControlFilter->accessDenied(Object(WebUser), 'You are not aut...')
#1 C:\wamp\www\yii\framework\web\filters\CFilter.php(38): CAccessControlFilter->preFilter(Object(CFilterChain))
#2 C:\wamp\www\yii\framework\web\CController.php(1145): CFilter->filter(Object(CFilterChain))
#3 C:\wamp\www\yii\framework\web\filters\CInlineFilter.php(58): CController->filterAccessControl(Object(CFilterChain))
#4 C:\wamp\www\yii\framework\web\filters\CFilterChain.php(130): CInlineFilter->filter(Object(CFilterChain))
#5 C:\wamp\www\yii\framework\web\CController.php(291): CFilterChain->run()
#6 C:\wamp\www\yii\framework\web\CController.php(265): CController->runActionWithFilters(Object(CInlineAction), Array)
#7 C:\wamp\www\yii\framework\web\CWebApplication.php(282): CController->run('admin')
#8 C:\wamp\www\yii\framework\web\CWebApplication.php(141): CWebApplication->runController('grading/center/...')
#9 C:\wamp\www\yii\framework\base\CApplication.php(169): CWebApplication->processRequest()
#10 C:\wamp\www\EdHat\index.php(13): CApplication->run()
#11 {main}
REQUEST_URI=/edhat/index.php?r=grading/center/admin
HTTP_REFERER=http://localhost/edhat/index.php?r=grading/center/index
---
2013/08/09 22:27:04 [error] [exception.CHttpException.403] exception 'CHttpException' with message 'You are not authorized to perform this action.' in C:\wamp\www\yii\framework\web\auth\CAccessControlFilter.php:179
Stack trace:
#0 C:\wamp\www\yii\framework\web\auth\CAccessControlFilter.php(142): CAccessControlFilter->accessDenied(Object(WebUser), 'You are not aut...')
#1 C:\wamp\www\yii\framework\web\filters\CFilter.php(38): CAccessControlFilter->preFilter(Object(CFilterChain))
#2 C:\wamp\www\yii\framework\web\CController.php(1145): CFilter->filter(Object(CFilterChain))
#3 C:\wamp\www\yii\framework\web\filters\CInlineFilter.php(58): CController->filterAccessControl(Object(CFilterChain))
#4 C:\wamp\www\yii\framework\web\filters\CFilterChain.php(130): CInlineFilter->filter(Object(CFilterChain))
#5 C:\wamp\www\yii\framework\web\CController.php(291): CFilterChain->run()
#6 C:\wamp\www\yii\framework\web\CController.php(265): CController->runActionWithFilters(Object(CInlineAction), Array)
#7 C:\wamp\www\yii\framework\web\CWebApplication.php(282): CController->run('delete')
#8 C:\wamp\www\yii\framework\web\CWebApplication.php(141): CWebApplication->runController('grading/center/...')
#9 C:\wamp\www\yii\framework\base\CApplication.php(169): CWebApplication->processRequest()
#10 C:\wamp\www\EdHat\index.php(13): CApplication->run()
#11 {main}
REQUEST_URI=/edhat/index.php?r=grading%2Fcenter%2Fdelete&id=1&ajax=center-grid
HTTP_REFERER=http://localhost/edhat/index.php?r=grading/center/admin
---
2013/08/09 22:27:06 [error] [exception.CHttpException.403] exception 'CHttpException' with message 'You are not authorized to perform this action.' in C:\wamp\www\yii\framework\web\auth\CAccessControlFilter.php:179
Stack trace:
#0 C:\wamp\www\yii\framework\web\auth\CAccessControlFilter.php(142): CAccessControlFilter->accessDenied(Object(WebUser), 'You are not aut...')
#1 C:\wamp\www\yii\framework\web\filters\CFilter.php(38): CAccessControlFilter->preFilter(Object(CFilterChain))
#2 C:\wamp\www\yii\framework\web\CController.php(1145): CFilter->filter(Object(CFilterChain))
#3 C:\wamp\www\yii\framework\web\filters\CInlineFilter.php(58): CController->filterAccessControl(Object(CFilterChain))
#4 C:\wamp\www\yii\framework\web\filters\CFilterChain.php(130): CInlineFilter->filter(Object(CFilterChain))
#5 C:\wamp\www\yii\framework\web\CController.php(291): CFilterChain->run()
#6 C:\wamp\www\yii\framework\web\CController.php(265): CController->runActionWithFilters(Object(CInlineAction), Array)
#7 C:\wamp\www\yii\framework\web\CWebApplication.php(282): CController->run('update')
#8 C:\wamp\www\yii\framework\web\CWebApplication.php(141): CWebApplication->runController('grading/center/...')
#9 C:\wamp\www\yii\framework\base\CApplication.php(169): CWebApplication->processRequest()
#10 C:\wamp\www\EdHat\index.php(13): CApplication->run()
#11 {main}
REQUEST_URI=/edhat/index.php?r=grading/center/update&id=1
HTTP_REFERER=http://localhost/edhat/index.php?r=grading/center/admin
---
2013/08/09 22:29:51 [error] [exception.CHttpException.403] exception 'CHttpException' with message 'You are not authorized to perform this action.' in C:\wamp\www\yii\framework\web\auth\CAccessControlFilter.php:179
Stack trace:
#0 C:\wamp\www\yii\framework\web\auth\CAccessControlFilter.php(142): CAccessControlFilter->accessDenied(Object(WebUser), 'You are not aut...')
#1 C:\wamp\www\yii\framework\web\filters\CFilter.php(38): CAccessControlFilter->preFilter(Object(CFilterChain))
#2 C:\wamp\www\yii\framework\web\CController.php(1145): CFilter->filter(Object(CFilterChain))
#3 C:\wamp\www\yii\framework\web\filters\CInlineFilter.php(58): CController->filterAccessControl(Object(CFilterChain))
#4 C:\wamp\www\yii\framework\web\filters\CFilterChain.php(130): CInlineFilter->filter(Object(CFilterChain))
#5 C:\wamp\www\yii\framework\web\CController.php(291): CFilterChain->run()
#6 C:\wamp\www\yii\framework\web\CController.php(265): CController->runActionWithFilters(Object(CInlineAction), Array)
#7 C:\wamp\www\yii\framework\web\CWebApplication.php(282): CController->run('create')
#8 C:\wamp\www\yii\framework\web\CWebApplication.php(141): CWebApplication->runController('grading/center/...')
#9 C:\wamp\www\yii\framework\base\CApplication.php(169): CWebApplication->processRequest()
#10 C:\wamp\www\EdHat\index.php(13): CApplication->run()
#11 {main}
REQUEST_URI=/edhat/index.php?r=grading/center/create
HTTP_REFERER=http://localhost/edhat/index.php?r=grading/center/admin
---
2013/08/09 22:32:11 [error] [exception.CHttpException.403] exception 'CHttpException' with message 'You are not authorized to perform this action.' in C:\wamp\www\yii\framework\web\auth\CAccessControlFilter.php:179
Stack trace:
#0 C:\wamp\www\yii\framework\web\auth\CAccessControlFilter.php(142): CAccessControlFilter->accessDenied(Object(WebUser), 'You are not aut...')
#1 C:\wamp\www\yii\framework\web\filters\CFilter.php(38): CAccessControlFilter->preFilter(Object(CFilterChain))
#2 C:\wamp\www\yii\framework\web\CController.php(1145): CFilter->filter(Object(CFilterChain))
#3 C:\wamp\www\yii\framework\web\filters\CInlineFilter.php(58): CController->filterAccessControl(Object(CFilterChain))
#4 C:\wamp\www\yii\framework\web\filters\CFilterChain.php(130): CInlineFilter->filter(Object(CFilterChain))
#5 C:\wamp\www\yii\framework\web\CController.php(291): CFilterChain->run()
#6 C:\wamp\www\yii\framework\web\CController.php(265): CController->runActionWithFilters(Object(CInlineAction), Array)
#7 C:\wamp\www\yii\framework\web\CWebApplication.php(282): CController->run('admin')
#8 C:\wamp\www\yii\framework\web\CWebApplication.php(141): CWebApplication->runController('grading/module/...')
#9 C:\wamp\www\yii\framework\base\CApplication.php(169): CWebApplication->processRequest()
#10 C:\wamp\www\EdHat\index.php(13): CApplication->run()
#11 {main}
REQUEST_URI=/edhat/index.php?r=grading/module/admin
HTTP_REFERER=http://localhost/edhat/index.php?r=grading/module
---
2013/08/09 22:38:50 [error] [exception.CHttpException.403] exception 'CHttpException' with message 'You are not authorized to perform this action.' in C:\wamp\www\yii\framework\web\auth\CAccessControlFilter.php:179
Stack trace:
#0 C:\wamp\www\yii\framework\web\auth\CAccessControlFilter.php(142): CAccessControlFilter->accessDenied(Object(WebUser), 'You are not aut...')
#1 C:\wamp\www\yii\framework\web\filters\CFilter.php(38): CAccessControlFilter->preFilter(Object(CFilterChain))
#2 C:\wamp\www\yii\framework\web\CController.php(1145): CFilter->filter(Object(CFilterChain))
#3 C:\wamp\www\yii\framework\web\filters\CInlineFilter.php(58): CController->filterAccessControl(Object(CFilterChain))
#4 C:\wamp\www\yii\framework\web\filters\CFilterChain.php(130): CInlineFilter->filter(Object(CFilterChain))
#5 C:\wamp\www\yii\framework\web\CController.php(291): CFilterChain->run()
#6 C:\wamp\www\yii\framework\web\CController.php(265): CController->runActionWithFilters(Object(CInlineAction), Array)
#7 C:\wamp\www\yii\framework\web\CWebApplication.php(282): CController->run('admin')
#8 C:\wamp\www\yii\framework\web\CWebApplication.php(141): CWebApplication->runController('grading/course/...')
#9 C:\wamp\www\yii\framework\base\CApplication.php(169): CWebApplication->processRequest()
#10 C:\wamp\www\EdHat\index.php(13): CApplication->run()
#11 {main}
REQUEST_URI=/edhat/index.php?r=grading/course/admin
HTTP_REFERER=http://localhost/edhat/index.php?r=grading/course
---
2013/08/09 22:42:54 [error] [exception.CHttpException.403] exception 'CHttpException' with message 'You are not authorized to perform this action.' in C:\wamp\www\yii\framework\web\auth\CAccessControlFilter.php:179
Stack trace:
#0 C:\wamp\www\yii\framework\web\auth\CAccessControlFilter.php(142): CAccessControlFilter->accessDenied(Object(WebUser), 'You are not aut...')
#1 C:\wamp\www\yii\framework\web\filters\CFilter.php(38): CAccessControlFilter->preFilter(Object(CFilterChain))
#2 C:\wamp\www\yii\framework\web\CController.php(1145): CFilter->filter(Object(CFilterChain))
#3 C:\wamp\www\yii\framework\web\filters\CInlineFilter.php(58): CController->filterAccessControl(Object(CFilterChain))
#4 C:\wamp\www\yii\framework\web\filters\CFilterChain.php(130): CInlineFilter->filter(Object(CFilterChain))
#5 C:\wamp\www\yii\framework\web\CController.php(291): CFilterChain->run()
#6 C:\wamp\www\yii\framework\web\CController.php(265): CController->runActionWithFilters(Object(CInlineAction), Array)
#7 C:\wamp\www\yii\framework\web\CWebApplication.php(282): CController->run('view')
#8 C:\wamp\www\yii\framework\web\CWebApplication.php(141): CWebApplication->runController('grading/module/...')
#9 C:\wamp\www\yii\framework\base\CApplication.php(169): CWebApplication->processRequest()
#10 C:\wamp\www\EdHat\index.php(13): CApplication->run()
#11 {main}
REQUEST_URI=/edhat/index.php?r=grading/module/view&id=26
HTTP_REFERER=http://localhost/edhat/index.php?r=grading/module
---
2013/08/09 22:42:57 [error] [exception.CHttpException.403] exception 'CHttpException' with message 'You are not authorized to perform this action.' in C:\wamp\www\yii\framework\web\auth\CAccessControlFilter.php:179
Stack trace:
#0 C:\wamp\www\yii\framework\web\auth\CAccessControlFilter.php(142): CAccessControlFilter->accessDenied(Object(WebUser), 'You are not aut...')
#1 C:\wamp\www\yii\framework\web\filters\CFilter.php(38): CAccessControlFilter->preFilter(Object(CFilterChain))
#2 C:\wamp\www\yii\framework\web\CController.php(1145): CFilter->filter(Object(CFilterChain))
#3 C:\wamp\www\yii\framework\web\filters\CInlineFilter.php(58): CController->filterAccessControl(Object(CFilterChain))
#4 C:\wamp\www\yii\framework\web\filters\CFilterChain.php(130): CInlineFilter->filter(Object(CFilterChain))
#5 C:\wamp\www\yii\framework\web\CController.php(291): CFilterChain->run()
#6 C:\wamp\www\yii\framework\web\CController.php(265): CController->runActionWithFilters(Object(CInlineAction), Array)
#7 C:\wamp\www\yii\framework\web\CWebApplication.php(282): CController->run('')
#8 C:\wamp\www\yii\framework\web\CWebApplication.php(141): CWebApplication->runController('grading/module')
#9 C:\wamp\www\yii\framework\base\CApplication.php(169): CWebApplication->processRequest()
#10 C:\wamp\www\EdHat\index.php(13): CApplication->run()
#11 {main}
REQUEST_URI=/edhat/index.php?r=grading/module
HTTP_REFERER=http://localhost/edhat/index.php?r=gii/crud
---
2013/08/09 22:43:00 [error] [exception.CHttpException.403] exception 'CHttpException' with message 'You are not authorized to perform this action.' in C:\wamp\www\yii\framework\web\auth\CAccessControlFilter.php:179
Stack trace:
#0 C:\wamp\www\yii\framework\web\auth\CAccessControlFilter.php(142): CAccessControlFilter->accessDenied(Object(WebUser), 'You are not aut...')
#1 C:\wamp\www\yii\framework\web\filters\CFilter.php(38): CAccessControlFilter->preFilter(Object(CFilterChain))
#2 C:\wamp\www\yii\framework\web\CController.php(1145): CFilter->filter(Object(CFilterChain))
#3 C:\wamp\www\yii\framework\web\filters\CInlineFilter.php(58): CController->filterAccessControl(Object(CFilterChain))
#4 C:\wamp\www\yii\framework\web\filters\CFilterChain.php(130): CInlineFilter->filter(Object(CFilterChain))
#5 C:\wamp\www\yii\framework\web\CController.php(291): CFilterChain->run()
#6 C:\wamp\www\yii\framework\web\CController.php(265): CController->runActionWithFilters(Object(CInlineAction), Array)
#7 C:\wamp\www\yii\framework\web\CWebApplication.php(282): CController->run('view')
#8 C:\wamp\www\yii\framework\web\CWebApplication.php(141): CWebApplication->runController('grading/module/...')
#9 C:\wamp\www\yii\framework\base\CApplication.php(169): CWebApplication->processRequest()
#10 C:\wamp\www\EdHat\index.php(13): CApplication->run()
#11 {main}
REQUEST_URI=/edhat/index.php?r=grading/module/view&id=26
HTTP_REFERER=http://localhost/edhat/index.php?r=grading/module
---
2013/08/09 22:43:01 [error] [exception.CHttpException.403] exception 'CHttpException' with message 'You are not authorized to perform this action.' in C:\wamp\www\yii\framework\web\auth\CAccessControlFilter.php:179
Stack trace:
#0 C:\wamp\www\yii\framework\web\auth\CAccessControlFilter.php(142): CAccessControlFilter->accessDenied(Object(WebUser), 'You are not aut...')
#1 C:\wamp\www\yii\framework\web\filters\CFilter.php(38): CAccessControlFilter->preFilter(Object(CFilterChain))
#2 C:\wamp\www\yii\framework\web\CController.php(1145): CFilter->filter(Object(CFilterChain))
#3 C:\wamp\www\yii\framework\web\filters\CInlineFilter.php(58): CController->filterAccessControl(Object(CFilterChain))
#4 C:\wamp\www\yii\framework\web\filters\CFilterChain.php(130): CInlineFilter->filter(Object(CFilterChain))
#5 C:\wamp\www\yii\framework\web\CController.php(291): CFilterChain->run()
#6 C:\wamp\www\yii\framework\web\CController.php(265): CController->runActionWithFilters(Object(CInlineAction), Array)
#7 C:\wamp\www\yii\framework\web\CWebApplication.php(282): CController->run('')
#8 C:\wamp\www\yii\framework\web\CWebApplication.php(141): CWebApplication->runController('grading/module')
#9 C:\wamp\www\yii\framework\base\CApplication.php(169): CWebApplication->processRequest()
#10 C:\wamp\www\EdHat\index.php(13): CApplication->run()
#11 {main}
REQUEST_URI=/edhat/index.php?r=grading/module
HTTP_REFERER=http://localhost/edhat/index.php?r=gii/crud
---
